<?xml version="1.0" encoding="UTF-8"?>
<testng-results skipped="0" failed="0" ignored="0" total="1" passed="1">
  <reporter-output>
  </reporter-output>
  <suite name="Default suite" duration-ms="10726" started-at="2019-09-22T13:55:53Z" finished-at="2019-09-22T13:56:04Z">
    <groups>
    </groups>
    <test name="Default test" duration-ms="10726" started-at="2019-09-22T13:55:53Z" finished-at="2019-09-22T13:56:04Z">
      <class name="com.selenium.testng.com.selenium.testng.TestFileupload">
        <test-method status="PASS" signature="initialization()[pri:0, instance:com.selenium.testng.com.selenium.testng.TestFileupload@68c4039c]" name="initialization" duration-ms="10699" started-at="2019-09-22T13:55:53Z" finished-at="2019-09-22T13:56:04Z">
          <reporter-output>
          </reporter-output>
        </test-method> <!-- initialization -->
      </class> <!-- com.selenium.testng.com.selenium.testng.TestFileupload -->
    </test> <!-- Default test -->
  </suite> <!-- Default suite -->
</testng-results>
